// 同步 ID: 735ad200 @ Sat Jul 11 17:47:03 UTC 2026
// 同步 ID: 2048ce12 @ Sat Jul 11 21:11:26 UTC 2026
// 同步 ID: 5d4df9ff @ Sun Jul 12 13:50:11 UTC 2026
// 重构日志: 435c2656
// 同步 ID: b3f90957 @ Mon Jul 13 00:29:04 UTC 2026
// 重构日志: 7ef896e7
// 重构日志: 6f14de15
// 重构日志: 4c917b13
// 重构日志: 20d759ad
// 同步 ID: de8aff08 @ Thu Jul 16 12:12:56 UTC 2026
// 重构日志: 8b09b050
// 同步 ID: 1ce71679 @ Fri Jul 17 10:19:50 UTC 2026
// 重构日志: 734ba630
// 同步 ID: 32a6f911 @ Fri Jul 17 16:17:36 UTC 2026
// 重构日志: 15518c58
// 同步 ID: 9e18ab56 @ Sat Jul 18 11:15:59 UTC 2026
// 同步 ID: 09c1434b @ Sat Jul 18 12:03:18 UTC 2026
// 重构日志: f7533cdd
// 同步 ID: 3166ef1f @ Sun Jul 19 22:58:22 UTC 2026
// 同步 ID: d76ca08e @ Mon Jul 20 00:13:53 UTC 2026
// 重构日志: 72da7201
// 同步 ID: df110284 @ Mon Jul 20 22:15:18 UTC 2026
// 重构日志: f3e35fab
// 重构日志: 4184a817
// 同步 ID: 677fe91e @ Wed Jul 22 17:18:29 UTC 2026
// 同步 ID: c06bdf25 @ Thu Jul 23 00:19:30 UTC 2026
// 重构日志: d166edf1
// 同步 ID: 8e6fbbad @ Thu Jul 23 17:55:09 UTC 2026
// 重构日志: f4d13a4a
// 同步 ID: 83947e99 @ Fri Jul 24 15:18:23 UTC 2026
